<?xml version="1.0" encoding="UTF-8"?>
<testsuite name="runners.AdidasEscenarioExitosoYFallidoStepsRunner" tests="0" skipped="0" failures="0" errors="0" timestamp="1970-01-01T00:00:00" hostname="DESKTOP-P3OGUBB" time="0.0">
  <properties/>
  <system-out><![CDATA[
?[31mFailed scenarios:?[0m
?[31msrc/test/resources/features/AdidasEscenarioExitosoYFallido.feature:15 ?[0m# Busqueda Fallida

2 Scenarios (?[31m1 failed?[0m, ?[32m1 passed?[0m)
6 Steps (?[31m1 failed?[0m, ?[32m5 passed?[0m)
0m15,908s

java.lang.AssertionError: no such element: Unable to locate element: {"method":"xpath","selector":"//div[@class ='product-description___2cJO2']/h1[@data-auto-id='product-title' and @class='gl-heading gl-heading--regular gl-heading--italic name___1EbZs']//span[contains(text(), 'Chanclas Adilette Jeremy Scott Teddy')]"}
  (Session info: chrome=96.0.4664.110)
For documentation on this error, please visit: https://www.seleniumhq.org/exceptions/no_such_element.html
Build info: version: '3.141.59', revision: 'e82be7d358', time: '2018-11-14T08:17:03'
System info: host: 'DESKTOP-P3OGUBB', ip: '192.168.83.1', os.name: 'Windows 10', os.arch: 'amd64', os.version: '10.0', java.version: '15.0.2'
Driver info: org.openqa.selenium.chrome.ChromeDriver
Capabilities {acceptInsecureCerts: false, browserName: chrome, browserVersion: 96.0.4664.110, chrome: {chromedriverVersion: 96.0.4664.45 (76e4c1bb2ab46..., userDataDir: C:\Users\Usuario\AppData\Lo...}, goog:chromeOptions: {debuggerAddress: localhost:56155}, javascriptEnabled: true, networkConnectionEnabled: false, pageLoadStrategy: normal, platform: WINDOWS, platformName: WINDOWS, proxy: Proxy(), setWindowRect: true, strictFileInteractability: false, timeouts: {implicit: 0, pageLoad: 300000, script: 30000}, unhandledPromptBehavior: dismiss and notify, webauthn:extension:credBlob: true, webauthn:extension:largeBlob: true, webauthn:virtualAuthenticators: true}
Session ID: 17241908da059113182e2c81ae148b88
*** Element info: {Using=xpath, value=//div[@class ='product-description___2cJO2']/h1[@data-auto-id='product-title' and @class='gl-heading gl-heading--regular gl-heading--italic name___1EbZs']//span[contains(text(), 'Chanclas Adilette Jeremy Scott Teddy')]}
	at net.serenitybdd.screenplay.ErrorTally.throwSummaryExceptionFrom(ErrorTally.java:36)
	at net.serenitybdd.screenplay.ErrorTally.reportAnyErrors(ErrorTally.java:30)
	at net.serenitybdd.screenplay.Actor.should(Actor.java:301)
	at stepsDefinitions.AdidasEscenarioExitosoYFallidoStepsDefinitions.podreObservarEnPantalla(AdidasEscenarioExitosoYFallidoStepsDefinitions.java:29)
	at ?.podre observar en pantalla(src/test/resources/features/AdidasEscenarioExitosoYFallido.feature:19)

]]></system-out>
  <system-err><![CDATA[[Test worker] INFO net.thucydides.core.steps.ConsoleLoggingListener - Test Suite Started: HU-003 Buscador adidas escenario fallido y exitoso
[Test worker] INFO net.thucydides.core.steps.ConsoleLoggingListener - 
 _____ _____ ____ _____   ____ _____  _    ____ _____ _____ ____  
|_   _| ____/ ___|_   _| / ___|_   _|/ \  |  _ \_   _| ____|  _ \ 
  | | |  _| \___ \ | |   \___ \ | | / _ \ | |_) || | |  _| | | | |
  | | | |___ ___) || |    ___) || |/ ___ \|  _ < | | | |___| |_| |
  |_| |_____|____/ |_|   |____/ |_/_/   \_\_| \_\|_| |_____|____/ 
                                                                  

TEST STARTED: Busqueda Exitosa
-------------------------------------------------------------------(hu-003-buscador-adidas-escenario-fallido-y-exitoso;busqueda-exitosa)
[Test worker] INFO net.thucydides.core.steps.ConsoleLoggingListener - 
 _____ _____ ____ _____   ____ _____  _    ____ _____ _____ ____  
|_   _| ____/ ___|_   _| / ___|_   _|/ \  |  _ \_   _| ____|  _ \ 
  | | |  _| \___ \ | |   \___ \ | | / _ \ | |_) || | |  _| | | | |
  | | | |___ ___) || |    ___) || |/ ___ \|  _ < | | | |___| |_| |
  |_| |_____|____/ |_|   |____/ |_/_/   \_\_| \_\|_| |_____|____/ 
                                                                  

TEST STARTED: Busqueda Fallida
-------------------------------------------------------------------(hu-003-buscador-adidas-escenario-fallido-y-exitoso;busqueda-fallida)
]]></system-err>
</testsuite>
